0 info it worked if it ends with ok
1 verbose cli [ 'C:\\Program Files\\nodejs\\node.exe',
1 verbose cli   'C:\\Program Files\\nodejs\\node_modules\\npm\\bin\\npm-cli.js',
1 verbose cli   'restart' ]
2 info using npm@3.10.3
3 info using node@v6.4.0
4 verbose run-script [ 'prerestart',
4 verbose run-script   'prestop',
4 verbose run-script   'stop',
4 verbose run-script   'poststop',
4 verbose run-script   'restart',
4 verbose run-script   'prestart',
4 verbose run-script   'start',
4 verbose run-script   'poststart',
4 verbose run-script   'postrestart' ]
5 info lifecycle RnTest@1.0.0~prerestart: RnTest@1.0.0
6 silly lifecycle RnTest@1.0.0~prerestart: no script for prerestart, continuing
7 info lifecycle RnTest@1.0.0~prestop: RnTest@1.0.0
8 silly lifecycle RnTest@1.0.0~prestop: no script for prestop, continuing
9 info lifecycle RnTest@1.0.0~stop: RnTest@1.0.0
10 silly lifecycle RnTest@1.0.0~stop: no script for stop, continuing
11 info lifecycle RnTest@1.0.0~poststop: RnTest@1.0.0
12 silly lifecycle RnTest@1.0.0~poststop: no script for poststop, continuing
13 info lifecycle RnTest@1.0.0~restart: RnTest@1.0.0
14 silly lifecycle RnTest@1.0.0~restart: no script for restart, continuing
15 info lifecycle RnTest@1.0.0~prestart: RnTest@1.0.0
16 silly lifecycle RnTest@1.0.0~prestart: no script for prestart, continuing
17 info lifecycle RnTest@1.0.0~start: RnTest@1.0.0
18 verbose lifecycle RnTest@1.0.0~start: unsafe-perm in lifecycle true
19 verbose lifecycle RnTest@1.0.0~start: PATH: C:\Program Files\nodejs\node_modules\npm\bin\node-gyp-bin;D:\workspaceast\RnTest\node_modules\.bin;C:\Program Files\nodejs;C:\Users\Administrator\bin;C:\Program Files (x86)\Git\mingw64\bin;C:\Program Files (x86)\Git\usr\local\bin;C:\Program Files (x86)\Git\usr\bin;C:\Program Files (x86)\Git\usr\bin;C:\Program Files (x86)\Git\mingw64\bin;C:\Program Files (x86)\Git\usr\bin;C:\Users\Administrator\bin;C:\ProgramData\Oracle\Java\javapath;C:\Program Files (x86)\Intel\iCLS Client;C:\Program Files\Intel\iCLS Client;C:\Windows\system32;C:\Windows;C:\Windows\System32\Wbem;C:\Windows\System32\WindowsPowerShell\v1.0;C:\Program Files (x86)\AMD\ATI.ACE\Core-Static;C:\Program Files\Intel\Intel(R) Management Engine Components\DAL;C:\Program Files (x86)\Intel\Intel(R) Management Engine Components\DAL;C:\Program Files\Intel\Intel(R) Management Engine Components\IPT;C:\Program Files (x86)\Intel\Intel(R) Management Engine Components\IPT;C:\Program Files\Java\jdk1.8.0_111\bin;C:\ProgramData\Oracle\Java\javapath;C:\Program Files (x86)\Intel\iCLS Client;C:\Program Files\Intel\iCLS Client;C:\Windows\system32;C:\Windows;C:\Windows\System32\Wbem;C:\Windows\System32\WindowsPowerShell\v1.0;C:\Program Files (x86)\AMD\ATI.ACE\Core-Static;C:\Program Files\Intel\Intel(R) Management Engine Components\DAL;C:\Program Files (x86)\Intel\Intel(R) Management Engine Components\DAL;C:\Program Files\Intel\Intel(R) Management Engine Components\IPT;C:\Program Files (x86)\Intel\Intel(R) Management Engine Components\IPT;C:\Program Files\Java\jdk1.8.0_111\bin;C:\ProgramData\Oracle\Java\javapath;C:\Program Files (x86)\Intel\iCLS Client;C:\Program Files\Intel\iCLS Client;C:\Windows\system32;C:\Windows;C:\Windows\System32\Wbem;C:\Windows\System32\WindowsPowerShell\v1.0;C:\Program Files (x86)\AMD\ATI.ACE\Core-Static;C:\Program Files\Intel\Intel(R) Management Engine Components\DAL;C:\Program Files (x86)\Intel\Intel(R) Management Engine Components\DAL;C:\Program Files\Intel\Intel(R) Management Engine Components\IPT;C:\Program Files (x86)\Intel\Intel(R) Management Engine Components\IPT;C:\Program Files\Java\jdk1.8.0_111\bin;C:\Windows\System32;C:\Program Files (x86)\OpenVPN\bin;C:\Program Files\Java\jdk1.8.0_111\bin;C:\Windows\System32;C:\Program Files (x86)\Git\cmd;C:\Users\Administrator\.gradle\wrapper\dists\gradle-2.10-all\a4w5fzrkeut1ox71xslb49gst\gradle-2.10\bin;D:\android-sdk-windows_lowversion\platform-tools;C:\Program Files\nodejs;D:\maven\apache-maven-3.3.9\bin;D:\android-sdk-windows\tools;D:\android-sdk-windows\platform-tools;C:\Program Files (x86)\OpenVPN\bin;C:\Program Files\Java\jdk1.8.0_111\bin;C:\ProgramData\Oracle\Java\javapath;C:\Program Files (x86)\Intel\iCLS Client;C:\Program Files\Intel\iCLS Client;C:\Windows\system32;C:\Windows;C:\Windows\System32\Wbem;C:\Windows\System32\WindowsPowerShell\v1.0;C:\Program Files (x86)\AMD\ATI.ACE\Core-Static;C:\Program Files\Intel\Intel(R) Management Engine Components\DAL;C:\Program Files (x86)\Intel\Intel(R) Management Engine Components\DAL;C:\Program Files\Intel\Intel(R) Management Engine Components\IPT;C:\Program Files (x86)\Intel\Intel(R) Management Engine Components\IPT;C:\Program Files\Java\jdk1.8.0_111\bin;C:\Windows\System32;C:\Program Files (x86)\OpenVPN\bin;C:\Program Files\Java\jdk1.8.0_111\bin;C:\Windows\System32;C:\Program Files (x86)\Git\cmd;C:\Users\Administrator\.gradle\wrapper\dists\gradle-2.10-all\a4w5fzrkeut1ox71xslb49gst\gradle-2.10\bin;D:\android-sdk-windows_lowversion\platform-tools;C:\Program Files\nodejs;D:\maven\apache-maven-3.3.9\bin;D:\android-sdk-windows\tools;D:\android-sdk-windows\platform-tools;C:\Program Files (x86)\Git\cmd;C:\Users\Administrator\.gradle\wrapper\dists\gradle-2.10-all\a4w5fzrkeut1ox71xslb49gst\gradle-2.10\bin;D:\android-sdk-windows_lowversion\platform-tools;C:\Program Files\nodejs;D:\maven\apache-maven-3.3.9\bin;D:\android-sdk-windows\tools;D:\android-sdk-windows\platform-tools;C:\Program Files (x86)\OpenVPN\bin;C:\Program Files\Java\jdk1.8.0_111\bin;C:\ProgramData\Oracle\Java\javapath;C:\Program Files (x86)\Intel\iCLS Client;C:\Program Files\Intel\iCLS Client;C:\Windows\system32;C:\Windows;C:\Windows\System32\Wbem;C:\Windows\System32\WindowsPowerShell\v1.0;C:\Program Files (x86)\AMD\ATI.ACE\Core-Static;C:\Program Files\Intel\Intel(R) Management Engine Components\DAL;C:\Program Files (x86)\Intel\Intel(R) Management Engine Components\DAL;C:\Program Files\Intel\Intel(R) Management Engine Components\IPT;C:\Program Files (x86)\Intel\Intel(R) Managem;C:\Program Files (x86)\SSH Communications Security\SSH Secure Shell;C:\Users\Administrator\AppData\Roaming\npm;C:\Program Files (x86)\Git\usr\bin\vendor_perl;C:\Program Files (x86)\Git\usr\bin\core_perl
20 verbose lifecycle RnTest@1.0.0~start: CWD: D:\workspaceast\RnTest
21 silly lifecycle RnTest@1.0.0~start: Args: [ '/d /s /c',
21 silly lifecycle   'node node_modules/react-native/local-cli/cli.js start' ]
22 silly lifecycle RnTest@1.0.0~start: Returned: code: 11  signal: null
23 info lifecycle RnTest@1.0.0~start: Failed to exec start script
24 verbose stack Error: RnTest@1.0.0 start: `node node_modules/react-native/local-cli/cli.js start`
24 verbose stack Exit status 11
24 verbose stack     at EventEmitter.<anonymous> (C:\Program Files\nodejs\node_modules\npm\lib\utils\lifecycle.js:242:16)
24 verbose stack     at emitTwo (events.js:106:13)
24 verbose stack     at EventEmitter.emit (events.js:191:7)
24 verbose stack     at ChildProcess.<anonymous> (C:\Program Files\nodejs\node_modules\npm\lib\utils\spawn.js:40:14)
24 verbose stack     at emitTwo (events.js:106:13)
24 verbose stack     at ChildProcess.emit (events.js:191:7)
24 verbose stack     at maybeClose (internal/child_process.js:852:16)
24 verbose stack     at Process.ChildProcess._handle.onexit (internal/child_process.js:215:5)
25 verbose pkgid RnTest@1.0.0
26 verbose cwd D:\workspaceast\RnTest
27 error Windows_NT 6.1.7601
28 error argv "C:\\Program Files\\nodejs\\node.exe" "C:\\Program Files\\nodejs\\node_modules\\npm\\bin\\npm-cli.js" "restart"
29 error node v6.4.0
30 error npm  v3.10.3
31 error code ELIFECYCLE
32 error RnTest@1.0.0 start: `node node_modules/react-native/local-cli/cli.js start`
32 error Exit status 11
33 error Failed at the RnTest@1.0.0 start script 'node node_modules/react-native/local-cli/cli.js start'.
33 error Make sure you have the latest version of node.js and npm installed.
33 error If you do, this is most likely a problem with the RnTest package,
33 error not with npm itself.
33 error Tell the author that this fails on your system:
33 error     node node_modules/react-native/local-cli/cli.js start
33 error You can get information on how to open an issue for this project with:
33 error     npm bugs RnTest
33 error Or if that isn't available, you can get their info via:
33 error     npm owner ls RnTest
33 error There is likely additional logging output above.
34 verbose exit [ 1, true ]
